<?xml version="1.0" encoding="UTF-8" ?>
<testsuite tests="12" failures="0" name="scenariosRunner.RunnerCT01" time="0.639" errors="0" skipped="0">
  <properties>
    <property name="java.runtime.name" value="Java(TM) SE Runtime Environment"/>
    <property name="java.vm.version" value="11.0.7+8-LTS"/>
    <property name="sun.boot.library.path" value="C:\Program Files\Java\jdk-11.0.7\bin"/>
    <property name="maven.multiModuleProjectDirectory" value="C:\Users\jvazsilv\Selenium Workspace\AutomacaoSelenium"/>
    <property name="java.vm.vendor" value="Oracle Corporation"/>
    <property name="java.vendor.url" value="https://openjdk.java.net/"/>
    <property name="guice.disable.misplaced.annotation.check" value="true"/>
    <property name="path.separator" value=";"/>
    <property name="java.vm.name" value="Java HotSpot(TM) 64-Bit Server VM"/>
    <property name="sun.os.patch.level" value=""/>
    <property name="user.script" value=""/>
    <property name="user.country" value="BR"/>
    <property name="sun.java.launcher" value="SUN_STANDARD"/>
    <property name="test" value="RunnerCT01"/>
    <property name="java.vm.specification.name" value="Java Virtual Machine Specification"/>
    <property name="user.dir" value="C:\Users\jvazsilv\Selenium Workspace\AutomacaoSelenium"/>
    <property name="java.vm.compressedOopsMode" value="Zero based"/>
    <property name="java.runtime.version" value="11.0.7+8-LTS"/>
    <property name="java.awt.graphicsenv" value="sun.awt.Win32GraphicsEnvironment"/>
    <property name="os.arch" value="amd64"/>
    <property name="java.io.tmpdir" value="C:\Users\jvazsilv\AppData\Local\Temp\"/>
    <property name="line.separator" value="
"/>
    <property name="java.vm.specification.vendor" value="Oracle Corporation"/>
    <property name="user.variant" value=""/>
    <property name="os.name" value="Windows 10"/>
    <property name="classworlds.conf" value="C:\Program Files\apache-maven-3.6.3\bin\..\bin\m2.conf"/>
    <property name="sun.jnu.encoding" value="Cp1252"/>
    <property name="java.library.path" value="C:\Program Files\Java\jdk-11.0.7\bin;C:\WINDOWS\Sun\Java\bin;C:\WINDOWS\system32;C:\WINDOWS;C:\Program Files (x86)\Common Files\Oracle\Java\javapath;C:\WINDOWS\system32;C:\WINDOWS;C:\WINDOWS\System32\Wbem;C:\WINDOWS\System32\WindowsPowerShell\v1.0\;C:\WINDOWS\System32\OpenSSH\;C:\Program Files\Java\jdk-11.0.7\bin;C:\Drivers;C:\Program Files\Git\cmd;C:\Program Files\TortoiseSVN\bin;C:\Program Files\Zulu\zulu-11\bin\;C:\Users\jvazsilv\Downloads;C:\Program Files\apache-maven-3.6.3\bin;C:\Users\jvazsilv\WebDrivers;C:\Program Files\Docker\Docker\resources\bin;C:\ProgramData\DockerDesktop\version-bin;C:\Users\jvazsilv\AppData\Local\Programs\Microsoft VS Code\bin;C:\Users\jvazsilv\AppData\Local\Programs\Python\Python38\Scripts\;C:\Users\jvazsilv\AppData\Local\Programs\Python\Python38\;C:\Users\jvazsilv\AppData\Local\Microsoft\WindowsApps;;C:\Users\jvazsilv\AppData\Local\Programs\Microsoft VS Code\bin;."/>
    <property name="maven.conf" value="C:\Program Files\apache-maven-3.6.3\bin\../conf"/>
    <property name="jdk.debug" value="release"/>
    <property name="java.class.version" value="55.0"/>
    <property name="java.specification.name" value="Java Platform API Specification"/>
    <property name="sun.management.compiler" value="HotSpot 64-Bit Tiered Compilers"/>
    <property name="os.version" value="10.0"/>
    <property name="library.jansi.path" value="C:\Program Files\apache-maven-3.6.3\bin\..\lib\jansi-native"/>
    <property name="user.home" value="C:\Users\jvazsilv"/>
    <property name="user.timezone" value="America/Sao_Paulo"/>
    <property name="java.awt.printerjob" value="sun.awt.windows.WPrinterJob"/>
    <property name="file.encoding" value="Cp1252"/>
    <property name="java.specification.version" value="11"/>
    <property name="user.name" value="jvazsilv"/>
    <property name="java.class.path" value="C:\Program Files\apache-maven-3.6.3\bin\..\boot\plexus-classworlds-2.6.0.jar"/>
    <property name="java.vm.specification.version" value="11"/>
    <property name="sun.arch.data.model" value="64"/>
    <property name="sun.java.command" value="org.codehaus.plexus.classworlds.launcher.Launcher test -Dtest=RunnerCT01"/>
    <property name="java.home" value="C:\Program Files\Java\jdk-11.0.7"/>
    <property name="user.language" value="pt"/>
    <property name="java.specification.vendor" value="Oracle Corporation"/>
    <property name="awt.toolkit" value="sun.awt.windows.WToolkit"/>
    <property name="java.vm.info" value="mixed mode"/>
    <property name="java.version" value="11.0.7"/>
    <property name="java.vendor" value="Oracle Corporation"/>
    <property name="sun.stderr.encoding" value="cp850"/>
    <property name="maven.home" value="C:\Program Files\apache-maven-3.6.3\bin\.."/>
    <property name="file.separator" value="\"/>
    <property name="java.version.date" value="2020-04-14"/>
    <property name="java.vendor.url.bug" value="https://bugreport.java.com/bugreport/"/>
    <property name="sun.io.unicode.encoding" value="UnicodeLittle"/>
    <property name="sun.cpu.endian" value="little"/>
    <property name="java.vendor.version" value="18.9"/>
    <property name="sun.stdout.encoding" value="cp850"/>
    <property name="sun.desktop" value="windows"/>
    <property name="sun.cpu.isalist" value="amd64"/>
  </properties>
  <testcase classname="Scenario: CT01- Adcionar produto no carrinho" name="Given que ao acessar o portal &quot;https://www.americanas.com.br&quot;" time="0.003"/>
  <testcase classname="Scenario: CT01- Adcionar produto no carrinho" name="When pesquisar o produto &quot;SSD Kingston A400 480GB&quot;" time="0"/>
  <testcase classname="Scenario: CT01- Adcionar produto no carrinho" name="And acessar o produto &quot;SSD Kingston A400 480GB&quot;" time="0"/>
  <testcase classname="Scenario: CT01- Adcionar produto no carrinho" name="And clicar em comprar" time="0"/>
  <testcase classname="Scenario: CT01- Adcionar produto no carrinho" name="Then produto &quot;Ssd Kingston A400 480gb&quot; adicionado ao carrinho" time="0"/>
  <testcase classname="Scenario: CT01- Adcionar produto no carrinho" name="Scenario: CT01- Adcionar produto no carrinho" time="0.473"/>
  <testcase classname="Scenario: CT02- Adcionar produto no carrinho" name="Given que ao acessar o portal2 &quot;https://www.americanas.com.br&quot;" time="0"/>
  <testcase classname="Scenario: CT02- Adcionar produto no carrinho" name="When pesquisar o produto2 &quot;SSD 240gb&quot;" time="0"/>
  <testcase classname="Scenario: CT02- Adcionar produto no carrinho" name="And acessar o produto2 &quot;SSD Kingston A400 240GB&quot;" time="0"/>
  <testcase classname="Scenario: CT02- Adcionar produto no carrinho" name="And clicar em comprar2" time="0"/>
  <testcase classname="Scenario: CT02- Adcionar produto no carrinho" name="Then produto2 &quot;SSD Kingston A400 240GB&quot; adicionado ao carrinho" time="0"/>
  <testcase classname="Scenario: CT02- Adcionar produto no carrinho" name="Scenario: CT02- Adcionar produto no carrinho" time="0.163"/>
</testsuite>